<?xml version="1.0" encoding="UTF-8"?>
<!-- Generated by org.testng.reporters.JUnitReportReporter -->
<testsuite hostname="NIGSA938766" name="com.nab.DataCreation.CustomerCreationTest" tests="1" failures="0" timestamp="26 Sep 2018 08:09:20 GMT" time="34.270" errors="0">
  <testcase name="CreateCustomer" time="34.270" classname="com.nab.DataCreation.CustomerCreationTest"/>
</testsuite> <!-- com.nab.DataCreation.CustomerCreationTest -->
